app/build/intermediates/manifest_merge_blame_file/debug/processDebugMainManifest/manifest-merger-blame-debug-report.txt
1<?xml version="1.0" encoding="utf-8"?>
2<manifest xmlns:android="http://schemas.android.com/apk/res/android"
3    package="com.tpc.digigate"
4    android:versionCode="1"
5    android:versionName="1.0" >
6
7    <uses-sdk
8        android:minSdkVersion="24"
9        android:targetSdkVersion="35" />
10
11    <uses-permission android:name="android.permission.INTERNET" />
11-->[com.google.firebase:firebase-auth:23.2.1] AndroidManifest.xml:25:5-67
11-->[com.google.firebase:firebase-auth:23.2.1] AndroidManifest.xml:25:22-64
12    <uses-permission android:name="android.permission.ACCESS_NETWORK_STATE" />
12-->[com.google.firebase:firebase-auth:23.2.1] AndroidManifest.xml:26:5-79
12-->[com.google.firebase:firebase-auth:23.2.1] AndroidManifest.xml:26:22-76
13    <uses-permission android:name="com.google.android.providers.gsf.permission.READ_GSERVICES" />
13-->[com.google.android.recaptcha:recaptcha:18.6.1] AndroidManifest.xml:9:5-98
13-->[com.google.android.recaptcha:recaptcha:18.6.1] AndroidManifest.xml:9:22-95
14    <uses-permission android:name="android.permission.USE_BIOMETRIC" /> <!-- suppress DeprecatedClassUsageInspection -->
14-->[androidx.biometric:biometric:1.1.0] AndroidManifest.xml:24:5-72
14-->[androidx.biometric:biometric:1.1.0] AndroidManifest.xml:24:22-69
15    <uses-permission android:name="android.permission.USE_FINGERPRINT" />
15-->[androidx.biometric:biometric:1.1.0] AndroidManifest.xml:27:5-74
15-->[androidx.biometric:biometric:1.1.0] AndroidManifest.xml:27:22-71
16
17    <permission
17-->[androidx.core:core:1.16.0] AndroidManifest.xml:22:5-24:47
18        android:name="com.tpc.digigate.DYNAMIC_RECEIVER_NOT_EXPORTED_PERMISSION"
18-->[androidx.core:core:1.16.0] AndroidManifest.xml:23:9-81
19        android:protectionLevel="signature" />
19-->[androidx.core:core:1.16.0] AndroidManifest.xml:24:9-44
20
21    <uses-permission android:name="com.tpc.digigate.DYNAMIC_RECEIVER_NOT_EXPORTED_PERMISSION" />
21-->[androidx.core:core:1.16.0] AndroidManifest.xml:26:5-97
21-->[androidx.core:core:1.16.0] AndroidManifest.xml:26:22-94
22
23    <application
23-->src/main/AndroidManifest.xml:5:5-39:19
24        android:name="com.tpc.digigate.application.DigiGateApplication"
24-->src/main/AndroidManifest.xml:6:9-56
25        android:allowBackup="true"
25-->src/main/AndroidManifest.xml:7:9-35
26        android:appComponentFactory="androidx.core.app.CoreComponentFactory"
26-->[androidx.core:core:1.16.0] AndroidManifest.xml:28:18-86
27        android:dataExtractionRules="@xml/data_extraction_rules"
27-->src/main/AndroidManifest.xml:8:9-65
28        android:debuggable="true"
29        android:extractNativeLibs="false"
30        android:fullBackupContent="@xml/backup_rules"
30-->src/main/AndroidManifest.xml:9:9-54
31        android:icon="@mipmap/ic_launcher"
31-->src/main/AndroidManifest.xml:10:9-43
32        android:label="@string/app_name"
32-->src/main/AndroidManifest.xml:11:9-41
33        android:roundIcon="@mipmap/ic_launcher_round"
33-->src/main/AndroidManifest.xml:12:9-54
34        android:supportsRtl="true"
34-->src/main/AndroidManifest.xml:13:9-35
35        android:testOnly="true"
36        android:theme="@style/Theme.DigiGate" >
36-->src/main/AndroidManifest.xml:14:9-46
37        <activity
37-->src/main/AndroidManifest.xml:17:9-38:20
38            android:name="com.tpc.digigate.MainActivity"
38-->src/main/AndroidManifest.xml:18:13-41
39            android:exported="true"
39-->src/main/AndroidManifest.xml:19:13-36
40            android:label="@string/app_name"
40-->src/main/AndroidManifest.xml:20:13-45
41            android:launchMode="singleTask"
41-->src/main/AndroidManifest.xml:21:13-44
42            android:theme="@style/Theme.DigiGate" >
42-->src/main/AndroidManifest.xml:22:13-50
43            <intent-filter>
43-->src/main/AndroidManifest.xml:23:13-27:29
44                <action android:name="android.intent.action.MAIN" />
44-->src/main/AndroidManifest.xml:24:17-69
44-->src/main/AndroidManifest.xml:24:25-66
45
46                <category android:name="android.intent.category.LAUNCHER" />
46-->src/main/AndroidManifest.xml:26:17-77
46-->src/main/AndroidManifest.xml:26:27-74
47            </intent-filter>
48            <intent-filter android:autoVerify="true" >
48-->src/main/AndroidManifest.xml:28:13-37:29
48-->src/main/AndroidManifest.xml:28:28-53
49                <action android:name="android.intent.action.VIEW" />
49-->src/main/AndroidManifest.xml:29:17-69
49-->src/main/AndroidManifest.xml:29:25-66
50
51                <category android:name="android.intent.category.BROWSABLE" />
51-->src/main/AndroidManifest.xml:31:17-78
51-->src/main/AndroidManifest.xml:31:27-75
52                <category android:name="android.intent.category.DEFAULT" />
52-->src/main/AndroidManifest.xml:32:17-76
52-->src/main/AndroidManifest.xml:32:27-73
53
54                <data
54-->src/main/AndroidManifest.xml:34:17-36:46
55                    android:host="digigate-95b51.firebaseapp.com"
55-->src/main/AndroidManifest.xml:35:21-66
56                    android:scheme="https" />
56-->src/main/AndroidManifest.xml:36:21-43
57            </intent-filter>
58        </activity>
59        <activity
59-->[com.google.firebase:firebase-auth:23.2.1] AndroidManifest.xml:29:9-46:20
60            android:name="com.google.firebase.auth.internal.GenericIdpActivity"
60-->[com.google.firebase:firebase-auth:23.2.1] AndroidManifest.xml:30:13-80
61            android:excludeFromRecents="true"
61-->[com.google.firebase:firebase-auth:23.2.1] AndroidManifest.xml:31:13-46
62            android:exported="true"
62-->[com.google.firebase:firebase-auth:23.2.1] AndroidManifest.xml:32:13-36
63            android:launchMode="singleTask"
63-->[com.google.firebase:firebase-auth:23.2.1] AndroidManifest.xml:33:13-44
64            android:theme="@android:style/Theme.Translucent.NoTitleBar" >
64-->[com.google.firebase:firebase-auth:23.2.1] AndroidManifest.xml:34:13-72
65            <intent-filter>
65-->[com.google.firebase:firebase-auth:23.2.1] AndroidManifest.xml:35:13-45:29
66                <action android:name="android.intent.action.VIEW" />
66-->src/main/AndroidManifest.xml:29:17-69
66-->src/main/AndroidManifest.xml:29:25-66
67
68                <category android:name="android.intent.category.DEFAULT" />
68-->src/main/AndroidManifest.xml:32:17-76
68-->src/main/AndroidManifest.xml:32:27-73
69                <category android:name="android.intent.category.BROWSABLE" />
69-->src/main/AndroidManifest.xml:31:17-78
69-->src/main/AndroidManifest.xml:31:27-75
70
71                <data
71-->src/main/AndroidManifest.xml:34:17-36:46
72                    android:host="firebase.auth"
72-->src/main/AndroidManifest.xml:35:21-66
73                    android:path="/"
74                    android:scheme="genericidp" />
74-->src/main/AndroidManifest.xml:36:21-43
75            </intent-filter>
76        </activity>
77        <activity
77-->[com.google.firebase:firebase-auth:23.2.1] AndroidManifest.xml:47:9-64:20
78            android:name="com.google.firebase.auth.internal.RecaptchaActivity"
78-->[com.google.firebase:firebase-auth:23.2.1] AndroidManifest.xml:48:13-79
79            android:excludeFromRecents="true"
79-->[com.google.firebase:firebase-auth:23.2.1] AndroidManifest.xml:49:13-46
80            android:exported="true"
80-->[com.google.firebase:firebase-auth:23.2.1] AndroidManifest.xml:50:13-36
81            android:launchMode="singleTask"
81-->[com.google.firebase:firebase-auth:23.2.1] AndroidManifest.xml:51:13-44
82            android:theme="@android:style/Theme.Translucent.NoTitleBar" >
82-->[com.google.firebase:firebase-auth:23.2.1] AndroidManifest.xml:52:13-72
83            <intent-filter>
83-->[com.google.firebase:firebase-auth:23.2.1] AndroidManifest.xml:53:13-63:29
84                <action android:name="android.intent.action.VIEW" />
84-->src/main/AndroidManifest.xml:29:17-69
84-->src/main/AndroidManifest.xml:29:25-66
85
86                <category android:name="android.intent.category.DEFAULT" />
86-->src/main/AndroidManifest.xml:32:17-76
86-->src/main/AndroidManifest.xml:32:27-73
87                <category android:name="android.intent.category.BROWSABLE" />
87-->src/main/AndroidManifest.xml:31:17-78
87-->src/main/AndroidManifest.xml:31:27-75
88
89                <data
89-->src/main/AndroidManifest.xml:34:17-36:46
90                    android:host="firebase.auth"
90-->src/main/AndroidManifest.xml:35:21-66
91                    android:path="/"
92                    android:scheme="recaptcha" />
92-->src/main/AndroidManifest.xml:36:21-43
93            </intent-filter>
94        </activity>
95
96        <service
96-->[com.google.firebase:firebase-auth:23.2.1] AndroidManifest.xml:66:9-72:19
97            android:name="com.google.firebase.components.ComponentDiscoveryService"
97-->[com.google.firebase:firebase-auth:23.2.1] AndroidManifest.xml:67:13-84
98            android:directBootAware="true"
98-->[com.google.firebase:firebase-common:21.0.0] AndroidManifest.xml:32:13-43
99            android:exported="false" >
99-->[com.google.firebase:firebase-auth:23.2.1] AndroidManifest.xml:68:13-37
100            <meta-data
100-->[com.google.firebase:firebase-auth:23.2.1] AndroidManifest.xml:69:13-71:85
101                android:name="com.google.firebase.components:com.google.firebase.auth.FirebaseAuthRegistrar"
101-->[com.google.firebase:firebase-auth:23.2.1] AndroidManifest.xml:70:17-109
102                android:value="com.google.firebase.components.ComponentRegistrar" />
102-->[com.google.firebase:firebase-auth:23.2.1] AndroidManifest.xml:71:17-82
103            <meta-data
103-->[com.google.firebase:firebase-firestore:25.1.4] AndroidManifest.xml:17:13-19:85
104                android:name="com.google.firebase.components:com.google.firebase.firestore.FirebaseFirestoreKtxRegistrar"
104-->[com.google.firebase:firebase-firestore:25.1.4] AndroidManifest.xml:18:17-122
105                android:value="com.google.firebase.components.ComponentRegistrar" />
105-->[com.google.firebase:firebase-firestore:25.1.4] AndroidManifest.xml:19:17-82
106            <meta-data
106-->[com.google.firebase:firebase-firestore:25.1.4] AndroidManifest.xml:20:13-22:85
107                android:name="com.google.firebase.components:com.google.firebase.firestore.FirestoreRegistrar"
107-->[com.google.firebase:firebase-firestore:25.1.4] AndroidManifest.xml:21:17-111
108                android:value="com.google.firebase.components.ComponentRegistrar" />
108-->[com.google.firebase:firebase-firestore:25.1.4] AndroidManifest.xml:22:17-82
109            <meta-data
109-->[com.google.firebase:firebase-database:21.0.0] AndroidManifest.xml:29:13-31:85
110                android:name="com.google.firebase.components:com.google.firebase.database.FirebaseDatabaseKtxRegistrar"
110-->[com.google.firebase:firebase-database:21.0.0] AndroidManifest.xml:30:17-120
111                android:value="com.google.firebase.components.ComponentRegistrar" />
111-->[com.google.firebase:firebase-database:21.0.0] AndroidManifest.xml:31:17-82
112            <meta-data
112-->[com.google.firebase:firebase-database:21.0.0] AndroidManifest.xml:32:13-34:85
113                android:name="com.google.firebase.components:com.google.firebase.database.DatabaseRegistrar"
113-->[com.google.firebase:firebase-database:21.0.0] AndroidManifest.xml:33:17-109
114                android:value="com.google.firebase.components.ComponentRegistrar" />
114-->[com.google.firebase:firebase-database:21.0.0] AndroidManifest.xml:34:17-82
115            <meta-data
115-->[com.google.firebase:firebase-common-ktx:21.0.0] AndroidManifest.xml:12:13-14:85
116                android:name="com.google.firebase.components:com.google.firebase.ktx.FirebaseCommonLegacyRegistrar"
116-->[com.google.firebase:firebase-common-ktx:21.0.0] AndroidManifest.xml:13:17-116
117                android:value="com.google.firebase.components.ComponentRegistrar" />
117-->[com.google.firebase:firebase-common-ktx:21.0.0] AndroidManifest.xml:14:17-82
118            <meta-data
118-->[com.google.firebase:firebase-common:21.0.0] AndroidManifest.xml:35:13-37:85
119                android:name="com.google.firebase.components:com.google.firebase.FirebaseCommonKtxRegistrar"
119-->[com.google.firebase:firebase-common:21.0.0] AndroidManifest.xml:36:17-109
120                android:value="com.google.firebase.components.ComponentRegistrar" />
120-->[com.google.firebase:firebase-common:21.0.0] AndroidManifest.xml:37:17-82
121        </service>
122        <service
122-->[androidx.credentials:credentials-play-services-auth:1.5.0] AndroidManifest.xml:24:9-32:19
123            android:name="androidx.credentials.playservices.CredentialProviderMetadataHolder"
123-->[androidx.credentials:credentials-play-services-auth:1.5.0] AndroidManifest.xml:25:13-94
124            android:enabled="true"
124-->[androidx.credentials:credentials-play-services-auth:1.5.0] AndroidManifest.xml:26:13-35
125            android:exported="false" >
125-->[androidx.credentials:credentials-play-services-auth:1.5.0] AndroidManifest.xml:27:13-37
126            <meta-data
126-->[androidx.credentials:credentials-play-services-auth:1.5.0] AndroidManifest.xml:29:13-31:104
127                android:name="androidx.credentials.CREDENTIAL_PROVIDER_KEY"
127-->[androidx.credentials:credentials-play-services-auth:1.5.0] AndroidManifest.xml:30:17-76
128                android:value="androidx.credentials.playservices.CredentialProviderPlayServicesImpl" />
128-->[androidx.credentials:credentials-play-services-auth:1.5.0] AndroidManifest.xml:31:17-101
129        </service>
130
131        <activity
131-->[androidx.credentials:credentials-play-services-auth:1.5.0] AndroidManifest.xml:34:9-41:20
132            android:name="androidx.credentials.playservices.HiddenActivity"
132-->[androidx.credentials:credentials-play-services-auth:1.5.0] AndroidManifest.xml:35:13-76
133            android:configChanges="orientation|screenSize|screenLayout|keyboardHidden"
133-->[androidx.credentials:credentials-play-services-auth:1.5.0] AndroidManifest.xml:36:13-87
134            android:enabled="true"
134-->[androidx.credentials:credentials-play-services-auth:1.5.0] AndroidManifest.xml:37:13-35
135            android:exported="false"
135-->[androidx.credentials:credentials-play-services-auth:1.5.0] AndroidManifest.xml:38:13-37
136            android:fitsSystemWindows="true"
136-->[androidx.credentials:credentials-play-services-auth:1.5.0] AndroidManifest.xml:39:13-45
137            android:theme="@style/Theme.Hidden" >
137-->[androidx.credentials:credentials-play-services-auth:1.5.0] AndroidManifest.xml:40:13-48
138        </activity>
139        <activity
139-->[androidx.credentials:credentials-play-services-auth:1.5.0] AndroidManifest.xml:42:9-49:20
140            android:name="androidx.credentials.playservices.IdentityCredentialApiHiddenActivity"
140-->[androidx.credentials:credentials-play-services-auth:1.5.0] AndroidManifest.xml:43:13-97
141            android:configChanges="orientation|screenSize|screenLayout|keyboardHidden"
141-->[androidx.credentials:credentials-play-services-auth:1.5.0] AndroidManifest.xml:44:13-87
142            android:enabled="true"
142-->[androidx.credentials:credentials-play-services-auth:1.5.0] AndroidManifest.xml:45:13-35
143            android:exported="false"
143-->[androidx.credentials:credentials-play-services-auth:1.5.0] AndroidManifest.xml:46:13-37
144            android:fitsSystemWindows="true"
144-->[androidx.credentials:credentials-play-services-auth:1.5.0] AndroidManifest.xml:47:13-45
145            android:theme="@style/Theme.Hidden" >
145-->[androidx.credentials:credentials-play-services-auth:1.5.0] AndroidManifest.xml:48:13-48
146        </activity>
147        <activity
147-->[com.google.android.gms:play-services-auth:21.1.1] AndroidManifest.xml:23:9-27:75
148            android:name="com.google.android.gms.auth.api.signin.internal.SignInHubActivity"
148-->[com.google.android.gms:play-services-auth:21.1.1] AndroidManifest.xml:24:13-93
149            android:excludeFromRecents="true"
149-->[com.google.android.gms:play-services-auth:21.1.1] AndroidManifest.xml:25:13-46
150            android:exported="false"
150-->[com.google.android.gms:play-services-auth:21.1.1] AndroidManifest.xml:26:13-37
151            android:theme="@android:style/Theme.Translucent.NoTitleBar" />
151-->[com.google.android.gms:play-services-auth:21.1.1] AndroidManifest.xml:27:13-72
152        <!--
153            Service handling Google Sign-In user revocation. For apps that do not integrate with
154            Google Sign-In, this service will never be started.
155        -->
156        <service
156-->[com.google.android.gms:play-services-auth:21.1.1] AndroidManifest.xml:33:9-37:51
157            android:name="com.google.android.gms.auth.api.signin.RevocationBoundService"
157-->[com.google.android.gms:play-services-auth:21.1.1] AndroidManifest.xml:34:13-89
158            android:exported="true"
158-->[com.google.android.gms:play-services-auth:21.1.1] AndroidManifest.xml:35:13-36
159            android:permission="com.google.android.gms.auth.api.signin.permission.REVOCATION_NOTIFICATION"
159-->[com.google.android.gms:play-services-auth:21.1.1] AndroidManifest.xml:36:13-107
160            android:visibleToInstantApps="true" />
160-->[com.google.android.gms:play-services-auth:21.1.1] AndroidManifest.xml:37:13-48
161
162        <provider
162-->[com.google.firebase:firebase-common:21.0.0] AndroidManifest.xml:23:9-28:39
163            android:name="com.google.firebase.provider.FirebaseInitProvider"
163-->[com.google.firebase:firebase-common:21.0.0] AndroidManifest.xml:24:13-77
164            android:authorities="com.tpc.digigate.firebaseinitprovider"
164-->[com.google.firebase:firebase-common:21.0.0] AndroidManifest.xml:25:13-72
165            android:directBootAware="true"
165-->[com.google.firebase:firebase-common:21.0.0] AndroidManifest.xml:26:13-43
166            android:exported="false"
166-->[com.google.firebase:firebase-common:21.0.0] AndroidManifest.xml:27:13-37
167            android:initOrder="100" />
167-->[com.google.firebase:firebase-common:21.0.0] AndroidManifest.xml:28:13-36
168
169        <activity
169-->[com.google.android.gms:play-services-base:18.5.0] AndroidManifest.xml:5:9-173
170            android:name="com.google.android.gms.common.api.GoogleApiActivity"
170-->[com.google.android.gms:play-services-base:18.5.0] AndroidManifest.xml:5:19-85
171            android:exported="false"
171-->[com.google.android.gms:play-services-base:18.5.0] AndroidManifest.xml:5:146-170
172            android:theme="@android:style/Theme.Translucent.NoTitleBar" />
172-->[com.google.android.gms:play-services-base:18.5.0] AndroidManifest.xml:5:86-145
173        <activity
173-->[androidx.compose.ui:ui-test-manifest:1.9.0-alpha04] AndroidManifest.xml:23:9-26:79
174            android:name="androidx.activity.ComponentActivity"
174-->[androidx.compose.ui:ui-test-manifest:1.9.0-alpha04] AndroidManifest.xml:24:13-63
175            android:exported="true"
175-->[androidx.compose.ui:ui-test-manifest:1.9.0-alpha04] AndroidManifest.xml:25:13-36
176            android:theme="@android:style/Theme.Material.Light.NoActionBar" />
176-->[androidx.compose.ui:ui-test-manifest:1.9.0-alpha04] AndroidManifest.xml:26:13-76
177        <activity
177-->[androidx.compose.ui:ui-tooling-android:1.9.0-alpha04] AndroidManifest.xml:23:9-25:39
178            android:name="androidx.compose.ui.tooling.PreviewActivity"
178-->[androidx.compose.ui:ui-tooling-android:1.9.0-alpha04] AndroidManifest.xml:24:13-71
179            android:exported="true" />
179-->[androidx.compose.ui:ui-tooling-android:1.9.0-alpha04] AndroidManifest.xml:25:13-36
180
181        <provider
181-->[androidx.emoji2:emoji2:1.4.0] AndroidManifest.xml:24:9-32:20
182            android:name="androidx.startup.InitializationProvider"
182-->[androidx.emoji2:emoji2:1.4.0] AndroidManifest.xml:25:13-67
183            android:authorities="com.tpc.digigate.androidx-startup"
183-->[androidx.emoji2:emoji2:1.4.0] AndroidManifest.xml:26:13-68
184            android:exported="false" >
184-->[androidx.emoji2:emoji2:1.4.0] AndroidManifest.xml:27:13-37
185            <meta-data
185-->[androidx.emoji2:emoji2:1.4.0] AndroidManifest.xml:29:13-31:52
186                android:name="androidx.emoji2.text.EmojiCompatInitializer"
186-->[androidx.emoji2:emoji2:1.4.0] AndroidManifest.xml:30:17-75
187                android:value="androidx.startup" />
187-->[androidx.emoji2:emoji2:1.4.0] AndroidManifest.xml:31:17-49
188            <meta-data
188-->[androidx.lifecycle:lifecycle-process:2.9.1] AndroidManifest.xml:29:13-31:52
189                android:name="androidx.lifecycle.ProcessLifecycleInitializer"
189-->[androidx.lifecycle:lifecycle-process:2.9.1] AndroidManifest.xml:30:17-78
190                android:value="androidx.startup" />
190-->[androidx.lifecycle:lifecycle-process:2.9.1] AndroidManifest.xml:31:17-49
191            <meta-data
191-->[androidx.profileinstaller:profileinstaller:1.4.0] AndroidManifest.xml:29:13-31:52
192                android:name="androidx.profileinstaller.ProfileInstallerInitializer"
192-->[androidx.profileinstaller:profileinstaller:1.4.0] AndroidManifest.xml:30:17-85
193                android:value="androidx.startup" />
193-->[androidx.profileinstaller:profileinstaller:1.4.0] AndroidManifest.xml:31:17-49
194        </provider>
195
196        <uses-library
196-->[androidx.window:window:1.4.0-rc01] AndroidManifest.xml:23:9-25:40
197            android:name="androidx.window.extensions"
197-->[androidx.window:window:1.4.0-rc01] AndroidManifest.xml:24:13-54
198            android:required="false" />
198-->[androidx.window:window:1.4.0-rc01] AndroidManifest.xml:25:13-37
199        <uses-library
199-->[androidx.window:window:1.4.0-rc01] AndroidManifest.xml:26:9-28:40
200            android:name="androidx.window.sidecar"
200-->[androidx.window:window:1.4.0-rc01] AndroidManifest.xml:27:13-51
201            android:required="false" />
201-->[androidx.window:window:1.4.0-rc01] AndroidManifest.xml:28:13-37
202
203        <meta-data
203-->[com.google.android.gms:play-services-basement:18.4.0] AndroidManifest.xml:6:9-122
204            android:name="com.google.android.gms.version"
204-->[com.google.android.gms:play-services-basement:18.4.0] AndroidManifest.xml:6:20-65
205            android:value="@integer/google_play_services_version" />
205-->[com.google.android.gms:play-services-basement:18.4.0] AndroidManifest.xml:6:66-119
206
207        <receiver
207-->[androidx.profileinstaller:profileinstaller:1.4.0] AndroidManifest.xml:34:9-52:20
208            android:name="androidx.profileinstaller.ProfileInstallReceiver"
208-->[androidx.profileinstaller:profileinstaller:1.4.0] AndroidManifest.xml:35:13-76
209            android:directBootAware="false"
209-->[androidx.profileinstaller:profileinstaller:1.4.0] AndroidManifest.xml:36:13-44
210            android:enabled="true"
210-->[androidx.profileinstaller:profileinstaller:1.4.0] AndroidManifest.xml:37:13-35
211            android:exported="true"
211-->[androidx.profileinstaller:profileinstaller:1.4.0] AndroidManifest.xml:38:13-36
212            android:permission="android.permission.DUMP" >
212-->[androidx.profileinstaller:profileinstaller:1.4.0] AndroidManifest.xml:39:13-57
213            <intent-filter>
213-->[androidx.profileinstaller:profileinstaller:1.4.0] AndroidManifest.xml:40:13-42:29
214                <action android:name="androidx.profileinstaller.action.INSTALL_PROFILE" />
214-->[androidx.profileinstaller:profileinstaller:1.4.0] AndroidManifest.xml:41:17-91
214-->[androidx.profileinstaller:profileinstaller:1.4.0] AndroidManifest.xml:41:25-88
215            </intent-filter>
216            <intent-filter>
216-->[androidx.profileinstaller:profileinstaller:1.4.0] AndroidManifest.xml:43:13-45:29
217                <action android:name="androidx.profileinstaller.action.SKIP_FILE" />
217-->[androidx.profileinstaller:profileinstaller:1.4.0] AndroidManifest.xml:44:17-85
217-->[androidx.profileinstaller:profileinstaller:1.4.0] AndroidManifest.xml:44:25-82
218            </intent-filter>
219            <intent-filter>
219-->[androidx.profileinstaller:profileinstaller:1.4.0] AndroidManifest.xml:46:13-48:29
220                <action android:name="androidx.profileinstaller.action.SAVE_PROFILE" />
220-->[androidx.profileinstaller:profileinstaller:1.4.0] AndroidManifest.xml:47:17-88
220-->[androidx.profileinstaller:profileinstaller:1.4.0] AndroidManifest.xml:47:25-85
221            </intent-filter>
222            <intent-filter>
222-->[androidx.profileinstaller:profileinstaller:1.4.0] AndroidManifest.xml:49:13-51:29
223                <action android:name="androidx.profileinstaller.action.BENCHMARK_OPERATION" />
223-->[androidx.profileinstaller:profileinstaller:1.4.0] AndroidManifest.xml:50:17-95
223-->[androidx.profileinstaller:profileinstaller:1.4.0] AndroidManifest.xml:50:25-92
224            </intent-filter>
225        </receiver> <!-- The activities will be merged into the manifest of the hosting app. -->
226        <activity
226-->[com.google.android.play:core-common:2.0.3] AndroidManifest.xml:14:9-18:65
227            android:name="com.google.android.play.core.common.PlayCoreDialogWrapperActivity"
227-->[com.google.android.play:core-common:2.0.3] AndroidManifest.xml:15:13-93
228            android:exported="false"
228-->[com.google.android.play:core-common:2.0.3] AndroidManifest.xml:16:13-37
229            android:stateNotNeeded="true"
229-->[com.google.android.play:core-common:2.0.3] AndroidManifest.xml:17:13-42
230            android:theme="@style/Theme.PlayCore.Transparent" />
230-->[com.google.android.play:core-common:2.0.3] AndroidManifest.xml:18:13-62
231    </application>
232
233</manifest>